Arguments: 
  /usr/local/Cellar/node/9.8.0/bin/node /usr/local/bin/yarn add https://github.com/tjfontaine/node-vlc.git

PATH: 
  /Users/mark/bin:/usr/local/bin:/usr/bin:/bin:/usr/sbin:/sbin

Yarn version: 
  1.5.1

Node version: 
  9.8.0

Platform: 
  darwin x64

npm manifest: 
  {
    "name": "vlc-auto-delete",
    "version": "1.0.0",
    "description": "Automatically puts videos watched by VLC into the trash",
    "main": "index.js",
    "author": "Mark Kahn <m@vouchr.com>",
    "license": "MIT",
    "dependencies": {
      "vlc-remote": "^4.0.2"
    }
  }

yarn manifest: 
  No manifest

Lockfile: 
  # THIS IS AN AUTOGENERATED FILE. DO NOT EDIT THIS FILE DIRECTLY.
  # yarn lockfile v1
  
  
  co@^4.6.0:
    version "4.6.0"
    resolved "https://registry.yarnpkg.com/co/-/co-4.6.0.tgz#6ea6bdf3d853ae54ccb8e47bfa0bf3f9031fb184"
  
  debug@^2.3.2:
    version "2.6.9"
    resolved "https://registry.yarnpkg.com/debug/-/debug-2.6.9.tgz#5d128515df134ff327e90a4c93f4e077a536341f"
    dependencies:
      ms "2.0.0"
  
  eventemitter-co@^1.0.4:
    version "1.0.5"
    resolved "https://registry.yarnpkg.com/eventemitter-co/-/eventemitter-co-1.0.5.tgz#6ee6206bd98f5596fb1d99c425f9a117f5717c32"
    dependencies:
      co "^4.6.0"
      mout "^1.0.0"
      uclass "^2.4.0"
  
  mout@^1.0.0:
    version "1.1.0"
    resolved "https://registry.yarnpkg.com/mout/-/mout-1.1.0.tgz#0b29d41e6a80fa9e2d4a5be9d602e1d9d02177f6"
  
  ms@2.0.0:
    version "2.0.0"
    resolved "https://registry.yarnpkg.com/ms/-/ms-2.0.0.tgz#5608aeadfc00be6c2901df5f9861788de0d597c8"
  
  nyks@^4.0.7:
    version "4.4.0"
    resolved "https://registry.yarnpkg.com/nyks/-/nyks-4.4.0.tgz#d61cc6931dc1bcd059e61689a64348aaba48255d"
    dependencies:
      mout "^1.0.0"
  
  uclass@^2.4.0:
    version "2.4.0"
    resolved "https://registry.yarnpkg.com/uclass/-/uclass-2.4.0.tgz#12ed560680bff5b0482069375000fd1a9a8e4528"
    dependencies:
      mout "^1.0.0"
  
  vlc-player@^1.0.0:
    version "1.0.0"
    resolved "https://registry.yarnpkg.com/vlc-player/-/vlc-player-1.0.0.tgz#bff646d76053deaa982f640d185c00bfc40a3192"
  
  vlc-remote@^4.0.2:
    version "4.0.2"
    resolved "https://registry.yarnpkg.com/vlc-remote/-/vlc-remote-4.0.2.tgz#acd75a4cc1343afe8e5a2d4208a4bc4cc02b0ba7"
    dependencies:
      debug "^2.3.2"
      eventemitter-co "^1.0.4"
      mout "^1.0.0"
      nyks "^4.0.7"
    optionalDependencies:
      vlc-player "^1.0.0"

Trace: 
  Error: /Users/mark/personal-projects/vlc-auto-delete/node_modules/ffi: Command failed.
  Exit code: 1
  Command: sh
  Arguments: -c node-gyp rebuild
  Directory: /Users/mark/personal-projects/vlc-auto-delete/node_modules/ffi
  Output:
  gyp info it worked if it ends with ok
  gyp info using node-gyp@3.6.2
  gyp info using node@9.8.0 | darwin | x64
  gyp info spawn /usr/bin/python
  gyp info spawn args [ '/usr/local/Cellar/node/9.8.0/libexec/lib/node_modules/npm/node_modules/node-gyp/gyp/gyp_main.py',
  gyp info spawn args   'binding.gyp',
  gyp info spawn args   '-f',
  gyp info spawn args   'make',
  gyp info spawn args   '-I',
  gyp info spawn args   '/Users/mark/personal-projects/vlc-auto-delete/node_modules/ffi/build/config.gypi',
  gyp info spawn args   '-I',
  gyp info spawn args   '/usr/local/Cellar/node/9.8.0/libexec/lib/node_modules/npm/node_modules/node-gyp/addon.gypi',
  gyp info spawn args   '-I',
  gyp info spawn args   '/Users/mark/.node-gyp/9.8.0/include/node/common.gypi',
  gyp info spawn args   '-Dlibrary=shared_library',
  gyp info spawn args   '-Dvisibility=default',
  gyp info spawn args   '-Dnode_root_dir=/Users/mark/.node-gyp/9.8.0',
  gyp info spawn args   '-Dnode_gyp_dir=/usr/local/Cellar/node/9.8.0/libexec/lib/node_modules/npm/node_modules/node-gyp',
  gyp info spawn args   '-Dnode_lib_file=/Users/mark/.node-gyp/9.8.0/<(target_arch)/node.lib',
  gyp info spawn args   '-Dmodule_root_dir=/Users/mark/personal-projects/vlc-auto-delete/node_modules/ffi',
  gyp info spawn args   '-Dnode_engine=v8',
  gyp info spawn args   '--depth=.',
  gyp info spawn args   '--no-parallel',
  gyp info spawn args   '--generator-output',
  gyp info spawn args   'build',
  gyp info spawn args   '-Goutput_dir=.' ]
  gyp info spawn make
  gyp info spawn args [ 'BUILDTYPE=Release', '-C', 'build' ]
    CC(target) Release/obj.target/ffi/deps/libffi/src/prep_cif.o
    CC(target) Release/obj.target/ffi/deps/libffi/src/types.o
    CC(target) Release/obj.target/ffi/deps/libffi/src/raw_api.o
    CC(target) Release/obj.target/ffi/deps/libffi/src/java_raw_api.o
    CC(target) Release/obj.target/ffi/deps/libffi/src/closures.o
    CC(target) Release/obj.target/ffi/deps/libffi/src/x86/ffi.o
    CC(target) Release/obj.target/ffi/deps/libffi/src/x86/ffi64.o
    CC(target) Release/obj.target/ffi/deps/libffi/src/x86/darwin.o
    CC(target) Release/obj.target/ffi/deps/libffi/src/x86/darwin64.o
    LIBTOOL-STATIC Release/libffi.a
    CXX(target) Release/obj.target/ffi_bindings/src/ffi.o
  ../src/ffi.cc:58:3: warning: 'ForceSet' is deprecated [-Wdeprecated-declarations]
    SET_ENUM_VALUE(FFI_OK);
    ^
  ../src/ffi.cc:38:8: note: expanded from macro 'SET_ENUM_VALUE'
    Nan::ForceSet(target, Nan::New<String>(#_value).ToLocalChecked(), \
         ^
  ../../nan/nan_maybe_43_inl.h:130:1: note: 'ForceSet' has been explicitly marked deprecated here
  NAN_DEPRECATED inline Maybe<bool> ForceSet(
  ^
  ../../nan/nan.h:98:40: note: expanded from macro 'NAN_DEPRECATED'
  # define NAN_DEPRECATED __attribute__((deprecated))
                                         ^
  ../src/ffi.cc:59:3: warning: 'ForceSet' is deprecated [-Wdeprecated-declarations]
    SET_ENUM_VALUE(FFI_BAD_TYPEDEF);
    ^
  ../src/ffi.cc:38:8: note: expanded from macro 'SET_ENUM_VALUE'
    Nan::ForceSet(target, Nan::New<String>(#_value).ToLocalChecked(), \
         ^
  ../../nan/nan_maybe_43_inl.h:130:1: note: 'ForceSet' has been explicitly marked deprecated here
  NAN_DEPRECATED inline Maybe<bool> ForceSet(
  ^
  ../../nan/nan.h:98:40: note: expanded from macro 'NAN_DEPRECATED'
  # define NAN_DEPRECATED __attribute__((deprecated))
                                         ^
  ../src/ffi.cc:60:3: warning: 'ForceSet' is deprecated [-Wdeprecated-declarations]
    SET_ENUM_VALUE(FFI_BAD_ABI);
    ^
  ../src/ffi.cc:38:8: note: expanded from macro 'SET_ENUM_VALUE'
    Nan::ForceSet(target, Nan::New<String>(#_value).ToLocalChecked(), \
         ^
  ../../nan/nan_maybe_43_inl.h:130:1: note: 'ForceSet' has been explicitly marked deprecated here
  NAN_DEPRECATED inline Maybe<bool> ForceSet(
  ^
  ../../nan/nan.h:98:40: note: expanded from macro 'NAN_DEPRECATED'
  # define NAN_DEPRECATED __attribute__((deprecated))
                                         ^
  ../src/ffi.cc:63:3: warning: 'ForceSet' is deprecated [-Wdeprecated-declarations]
    SET_ENUM_VALUE(FFI_DEFAULT_ABI);
    ^
  ../src/ffi.cc:38:8: note: expanded from macro 'SET_ENUM_VALUE'
    Nan::ForceSet(target, Nan::New<String>(#_value).ToLocalChecked(), \
         ^
  ../../nan/nan_maybe_43_inl.h:130:1: note: 'ForceSet' has been explicitly marked deprecated here
  NAN_DEPRECATED inline Maybe<bool> ForceSet(
  ^
  ../../nan/nan.h:98:40: note: expanded from macro 'NAN_DEPRECATED'
  # define NAN_DEPRECATED __attribute__((deprecated))
                                         ^
  ../src/ffi.cc:64:3: warning: 'ForceSet' is deprecated [-Wdeprecated-declarations]
    SET_ENUM_VALUE(FFI_FIRST_ABI);
    ^
  ../src/ffi.cc:38:8: note: expanded from macro 'SET_ENUM_VALUE'
    Nan::ForceSet(target, Nan::New<String>(#_value).ToLocalChecked(), \
         ^
  ../../nan/nan_maybe_43_inl.h:130:1: note: 'ForceSet' has been explicitly marked deprecated here
  NAN_DEPRECATED inline Maybe<bool> ForceSet(
  ^
  ../../nan/nan.h:98:40: note: expanded from macro 'NAN_DEPRECATED'
  # define NAN_DEPRECATED __attribute__((deprecated))
                                         ^
  ../src/ffi.cc:65:3: warning: 'ForceSet' is deprecated [-Wdeprecated-declarations]
    SET_ENUM_VALUE(FFI_LAST_ABI);
    ^
  ../src/ffi.cc:38:8: note: expanded from macro 'SET_ENUM_VALUE'
    Nan::ForceSet(target, Nan::New<String>(#_value).ToLocalChecked(), \
         ^
  ../../nan/nan_maybe_43_inl.h:130:1: note: 'ForceSet' has been explicitly marked deprecated here
  NAN_DEPRECATED inline Maybe<bool> ForceSet(
  ^
  ../../nan/nan.h:98:40: note: expanded from macro 'NAN_DEPRECATED'
  # define NAN_DEPRECATED __attribute__((deprecated))
                                         ^
  ../src/ffi.cc:81:3: warning: 'ForceSet' is deprecated [-Wdeprecated-declarations]
    SET_ENUM_VALUE(FFI_SYSV);
    ^
  ../src/ffi.cc:38:8: note: expanded from macro 'SET_ENUM_VALUE'
    Nan::ForceSet(target, Nan::New<String>(#_value).ToLocalChecked(), \
         ^
  ../../nan/nan_maybe_43_inl.h:130:1: note: 'ForceSet' has been explicitly marked deprecated here
  NAN_DEPRECATED inline Maybe<bool> ForceSet(
  ^
  ../../nan/nan.h:98:40: note: expanded from macro 'NAN_DEPRECATED'
  # define NAN_DEPRECATED __attribute__((deprecated))
                                         ^
  ../src/ffi.cc:83:3: warning: 'ForceSet' is deprecated [-Wdeprecated-declarations]
    SET_ENUM_VALUE(FFI_UNIX64);
    ^
  ../src/ffi.cc:38:8: note: expanded from macro 'SET_ENUM_VALUE'
    Nan::ForceSet(target, Nan::New<String>(#_value).ToLocalChecked(), \
         ^
  ../../nan/nan_maybe_43_inl.h:130:1: note: 'ForceSet' has been explicitly marked deprecated here
  NAN_DEPRECATED inline Maybe<bool> ForceSet(
  ^
  ../../nan/nan.h:98:40: note: expanded from macro 'NAN_DEPRECATED'
  # define NAN_DEPRECATED __attribute__((deprecated))
                                         ^
  ../src/ffi.cc:88:3: warning: 'ForceSet' is deprecated [-Wdeprecated-declarations]
    SET_ENUM_VALUE(RTLD_LAZY);
    ^
  ../src/ffi.cc:38:8: note: expanded from macro 'SET_ENUM_VALUE'
    Nan::ForceSet(target, Nan::New<String>(#_value).ToLocalChecked(), \
         ^
  ../../nan/nan_maybe_43_inl.h:130:1: note: 'ForceSet' has been explicitly marked deprecated here
  NAN_DEPRECATED inline Maybe<bool> ForceSet(
  ^
  ../../nan/nan.h:98:40: note: expanded from macro 'NAN_DEPRECATED'
  # define NAN_DEPRECATED __attribute__((deprecated))
                                         ^
  ../src/ffi.cc:91:3: warning: 'ForceSet' is deprecated [-Wdeprecated-declarations]
    SET_ENUM_VALUE(RTLD_NOW);
    ^
  ../src/ffi.cc:38:8: note: expanded from macro 'SET_ENUM_VALUE'
    Nan::ForceSet(target, Nan::New<String>(#_value).ToLocalChecked(), \
         ^
  ../../nan/nan_maybe_43_inl.h:130:1: note: 'ForceSet' has been explicitly marked deprecated here
  NAN_DEPRECATED inline Maybe<bool> ForceSet(
  ^
  ../../nan/nan.h:98:40: note: expanded from macro 'NAN_DEPRECATED'
  # define NAN_DEPRECATED __attribute__((deprecated))
                                         ^
  ../src/ffi.cc:94:3: warning: 'ForceSet' is deprecated [-Wdeprecated-declarations]
    SET_ENUM_VALUE(RTLD_LOCAL);
    ^
  ../src/ffi.cc:38:8: note: expanded from macro 'SET_ENUM_VALUE'
    Nan::ForceSet(target, Nan::New<String>(#_value).ToLocalChecked(), \
         ^
  ../../nan/nan_maybe_43_inl.h:130:1: note: 'ForceSet' has been explicitly marked deprecated here
  NAN_DEPRECATED inline Maybe<bool> ForceSet(
  ^
  ../../nan/nan.h:98:40: note: expanded from macro 'NAN_DEPRECATED'
  # define NAN_DEPRECATED __attribute__((deprecated))
                                         ^
  ../src/ffi.cc:97:3: warning: 'ForceSet' is deprecated [-Wdeprecated-declarations]
    SET_ENUM_VALUE(RTLD_GLOBAL);
    ^
  ../src/ffi.cc:38:8: note: expanded from macro 'SET_ENUM_VALUE'
    Nan::ForceSet(target, Nan::New<String>(#_value).ToLocalChecked(), \
         ^
  ../../nan/nan_maybe_43_inl.h:130:1: note: 'ForceSet' has been explicitly marked deprecated here
  NAN_DEPRECATED inline Maybe<bool> ForceSet(
  ^
  ../../nan/nan.h:98:40: note: expanded from macro 'NAN_DEPRECATED'
  # define NAN_DEPRECATED __attribute__((deprecated))
                                         ^
  ../src/ffi.cc:100:3: warning: 'ForceSet' is deprecated [-Wdeprecated-declarations]
    SET_ENUM_VALUE(RTLD_NOLOAD);
    ^
  ../src/ffi.cc:38:8: note: expanded from macro 'SET_ENUM_VALUE'
    Nan::ForceSet(target, Nan::New<String>(#_value).ToLocalChecked(), \
         ^
  ../../nan/nan_maybe_43_inl.h:130:1: note: 'ForceSet' has been explicitly marked deprecated here
  NAN_DEPRECATED inline Maybe<bool> ForceSet(
  ^
  ../../nan/nan.h:98:40: note: expanded from macro 'NAN_DEPRECATED'
  # define NAN_DEPRECATED __attribute__((deprecated))
                                         ^
  ../src/ffi.cc:103:3: warning: 'ForceSet' is deprecated [-Wdeprecated-declarations]
    SET_ENUM_VALUE(RTLD_NODELETE);
    ^
  ../src/ffi.cc:38:8: note: expanded from macro 'SET_ENUM_VALUE'
    Nan::ForceSet(target, Nan::New<String>(#_value).ToLocalChecked(), \
         ^
  ../../nan/nan_maybe_43_inl.h:130:1: note: 'ForceSet' has been explicitly marked deprecated here
  NAN_DEPRECATED inline Maybe<bool> ForceSet(
  ^
  ../../nan/nan.h:98:40: note: expanded from macro 'NAN_DEPRECATED'
  # define NAN_DEPRECATED __attribute__((deprecated))
                                         ^
  ../src/ffi.cc:106:3: warning: 'ForceSet' is deprecated [-Wdeprecated-declarations]
    SET_ENUM_VALUE(RTLD_FIRST);
    ^
  ../src/ffi.cc:38:8: note: expanded from macro 'SET_ENUM_VALUE'
    Nan::ForceSet(target, Nan::New<String>(#_value).ToLocalChecked(), \
         ^
  ../../nan/nan_maybe_43_inl.h:130:1: note: 'ForceSet' has been explicitly marked deprecated here
  NAN_DEPRECATED inline Maybe<bool> ForceSet(
  ^
  ../../nan/nan.h:98:40: note: expanded from macro 'NAN_DEPRECATED'
  # define NAN_DEPRECATED __attribute__((deprecated))
                                         ^
  ../src/ffi.cc:111:11: warning: 'ForceSet' is deprecated [-Wdeprecated-declarations]
    target->ForceSet(Nan::New<String>("RTLD_NEXT").ToLocalChecked(), WrapPointer((char *)RTLD_NEXT), static_cast<PropertyAttribute>(ReadOnly | DontDelete));
            ^
  /Users/mark/.node-gyp/9.8.0/include/node/v8.h:3164:3: note: 'ForceSet' has been explicitly marked deprecated here
    V8_DEPRECATED("Use CreateDataProperty / DefineOwnProperty",
    ^
  /Users/mark/.node-gyp/9.8.0/include/node/v8config.h:321:29: note: expanded from macro 'V8_DEPRECATED'
    declarator __attribute__((deprecated))
                              ^
  ../src/ffi.cc:111:100: error: no viable conversion from 'v8::PropertyAttribute' to 'Local<v8::Value>'
    target->ForceSet(Nan::New<String>("RTLD_NEXT").ToLocalChecked(), WrapPointer((char *)RTLD_NEXT), static_cast<PropertyAttribute>(ReadOnly | DontDelete));
                                                                                                     ^~~~~~~~~~~~~~~~~~~~~~~~~~~~~~~~~~~~~~~~~~~~~~~~~~~~~
  /Users/mark/.node-gyp/9.8.0/include/node/v8.h:198:7: note: candidate constructor (the implicit copy constructor) not viable: no known conversion from 'v8::PropertyAttribute' to 'const v8::Local<v8::Value> &' for 1st argument
  class Local {
        ^
  /Users/mark/.node-gyp/9.8.0/include/node/v8.h:198:7: note: candidate constructor (the implicit move constructor) not viable: no known conversion from 'v8::PropertyAttribute' to 'v8::Local<v8::Value> &&' for 1st argument
  /Users/mark/.node-gyp/9.8.0/include/node/v8.h:202:13: note: candidate template ignored: could not match 'Local<type-parameter-0-0>' against 'v8::PropertyAttribute'
    V8_INLINE Local(Local<S> that)
              ^
  /Users/mark/.node-gyp/9.8.0/include/node/v8.h:3166:51: note: passing argument to parameter 'value' here
                                       Local<Value> value,
                                                    ^
  ../src/ffi.cc:114:11: warning: 'ForceSet' is deprecated [-Wdeprecated-declarations]
    target->ForceSet(Nan::New<String>("RTLD_DEFAULT").ToLocalChecked(), WrapPointer((char *)RTLD_DEFAULT), static_cast<PropertyAttribute>(ReadOnly | DontDelete));
            ^
  /Users/mark/.node-gyp/9.8.0/include/node/v8.h:3164:3: note: 'ForceSet' has been explicitly marked deprecated here
    V8_DEPRECATED("Use CreateDataProperty / DefineOwnProperty",
    ^
  /Users/mark/.node-gyp/9.8.0/include/node/v8config.h:321:29: note: expanded from macro 'V8_DEPRECATED'
    declarator __attribute__((deprecated))
                              ^
  ../src/ffi.cc:114:106: error: no viable conversion from 'v8::PropertyAttribute' to 'Local<v8::Value>'
    target->ForceSet(Nan::New<String>("RTLD_DEFAULT").ToLocalChecked(), WrapPointer((char *)RTLD_DEFAULT), static_cast<PropertyAttribute>(ReadOnly | DontDelete));
                                                                                                           ^~~~~~~~~~~~~~~~~~~~~~~~~~~~~~~~~~~~~~~~~~~~~~~~~~~~~
  /Users/mark/.node-gyp/9.8.0/include/node/v8.h:198:7: note: candidate constructor (the implicit copy constructor) not viable: no known conversion from 'v8::PropertyAttribute' to 'const v8::Local<v8::Value> &' for 1st argument
  class Local {
        ^
  /Users/mark/.node-gyp/9.8.0/include/node/v8.h:198:7: note: candidate constructor (the implicit move constructor) not viable: no known conversion from 'v8::PropertyAttribute' to 'v8::Local<v8::Value> &&' for 1st argument
  /Users/mark/.node-gyp/9.8.0/include/node/v8.h:202:13: note: candidate template ignored: could not match 'Local<type-parameter-0-0>' against 'v8::PropertyAttribute'
    V8_INLINE Local(Local<S> that)
              ^
  /Users/mark/.node-gyp/9.8.0/include/node/v8.h:3166:51: note: passing argument to parameter 'value' here
                                       Local<Value> value,
                                                    ^
  ../src/ffi.cc:117:11: warning: 'ForceSet' is deprecated [-Wdeprecated-declarations]
    target->ForceSet(Nan::New<String>("RTLD_SELF").ToLocalChecked(), WrapPointer((char *)RTLD_SELF), static_cast<PropertyAttribute>(ReadOnly|DontDelete));
            ^
  /Users/mark/.node-gyp/9.8.0/include/node/v8.h:3164:3: note: 'ForceSet' has been explicitly marked deprecated here
    V8_DEPRECATED("Use CreateDataProperty / DefineOwnProperty",
    ^
  /Users/mark/.node-gyp/9.8.0/include/node/v8config.h:321:29: note: expanded from macro 'V8_DEPRECATED'
    declarator __attribute__((deprecated))
                              ^
  ../src/ffi.cc:117:100: error: no viable conversion from 'v8::PropertyAttribute' to 'Local<v8::Value>'
    target->ForceSet(Nan::New<String>("RTLD_SELF").ToLocalChecked(), WrapPointer((char *)RTLD_SELF), static_cast<PropertyAttribute>(ReadOnly|DontDelete));
                                                                                                     ^~~~~~~~~~~~~~~~~~~~~~~~~~~~~~~~~~~~~~~~~~~~~~~~~~~
  /Users/mark/.node-gyp/9.8.0/include/node/v8.h:198:7: note: candidate constructor (the implicit copy constructor) not viable: no known conversion from 'v8::PropertyAttribute' to 'const v8::Local<v8::Value> &' for 1st argument
  class Local {
        ^
  /Users/mark/.node-gyp/9.8.0/include/node/v8.h:198:7: note: candidate constructor (the implicit move constructor) not viable: no known conversion from 'v8::PropertyAttribute' to 'v8::Local<v8::Value> &&' for 1st argument
  /Users/mark/.node-gyp/9.8.0/include/node/v8.h:202:13: note: candidate template ignored: could not match 'Local<type-parameter-0-0>' against 'v8::PropertyAttribute'
    V8_INLINE Local(Local<S> that)
              ^
  /Users/mark/.node-gyp/9.8.0/include/node/v8.h:3166:51: note: passing argument to parameter 'value' here
                                       Local<Value> value,
                                                    ^
  ../src/ffi.cc:120:11: warning: 'ForceSet' is deprecated [-Wdeprecated-declarations]
    target->ForceSet(Nan::New<String>("RTLD_MAIN_ONLY").ToLocalChecked(), WrapPointer((char *)RTLD_MAIN_ONLY), static_cast<PropertyAttribute>(ReadOnly|DontDelete));
            ^
  /Users/mark/.node-gyp/9.8.0/include/node/v8.h:3164:3: note: 'ForceSet' has been explicitly marked deprecated here
    V8_DEPRECATED("Use CreateDataProperty / DefineOwnProperty",
    ^
  /Users/mark/.node-gyp/9.8.0/include/node/v8config.h:321:29: note: expanded from macro 'V8_DEPRECATED'
    declarator __attribute__((deprecated))
                              ^
  ../src/ffi.cc:120:110: error: no viable conversion from 'v8::PropertyAttribute' to 'Local<v8::Value>'
    target->ForceSet(Nan::New<String>("RTLD_MAIN_ONLY").ToLocalChecked(), WrapPointer((char *)RTLD_MAIN_ONLY), static_cast<PropertyAttribute>(ReadOnly|DontDelete));
                                                                                                               ^~~~~~~~~~~~~~~~~~~~~~~~~~~~~~~~~~~~~~~~~~~~~~~~~~~
  /Users/mark/.node-gyp/9.8.0/include/node/v8.h:198:7: note: candidate constructor (the implicit copy constructor) not viable: no known conversion from 'v8::PropertyAttribute' to 'const v8::Local<v8::Value> &' for 1st argument
  class Local {
        ^
  /Users/mark/.node-gyp/9.8.0/include/node/v8.h:198:7: note: candidate constructor (the implicit move constructor) not viable: no known conversion from 'v8::PropertyAttribute' to 'v8::Local<v8::Value> &&' for 1st argument
  /Users/mark/.node-gyp/9.8.0/include/node/v8.h:202:13: note: candidate template ignored: could not match 'Local<type-parameter-0-0>' against 'v8::PropertyAttribute'
    V8_INLINE Local(Local<S> that)
              ^
  /Users/mark/.node-gyp/9.8.0/include/node/v8.h:3166:51: note: passing argument to parameter 'value' here
                                       Local<Value> value,
                                                    ^
  ../src/ffi.cc:123:11: warning: 'ForceSet' is deprecated [-Wdeprecated-declarations]
    target->ForceSet(Nan::New<String>("FFI_ARG_SIZE").ToLocalChecked(), Nan::New<Uint32>((uint32_t)sizeof(ffi_arg)), static_cast<PropertyAttribute>(ReadOnly|DontDelete));
            ^
  /Users/mark/.node-gyp/9.8.0/include/node/v8.h:3164:3: note: 'ForceSet' has been explicitly marked deprecated here
    V8_DEPRECATED("Use CreateDataProperty / DefineOwnProperty",
    ^
  /Users/mark/.node-gyp/9.8.0/include/node/v8config.h:321:29: note: expanded from macro 'V8_DEPRECATED'
    declarator __attribute__((deprecated))
                              ^
  ../src/ffi.cc:123:116: error: no viable conversion from 'v8::PropertyAttribute' to 'Local<v8::Value>'
    target->ForceSet(Nan::New<String>("FFI_ARG_SIZE").ToLocalChecked(), Nan::New<Uint32>((uint32_t)sizeof(ffi_arg)), static_cast<PropertyAttribute>(ReadOnly|DontDelete));
                                                                                                                     ^~~~~~~~~~~~~~~~~~~~~~~~~~~~~~~~~~~~~~~~~~~~~~~~~~~
  /Users/mark/.node-gyp/9.8.0/include/node/v8.h:198:7: note: candidate constructor (the implicit copy constructor) not viable: no known conversion from 'v8::PropertyAttribute' to 'const v8::Local<v8::Value> &' for 1st argument
  class Local {
        ^
  /Users/mark/.node-gyp/9.8.0/include/node/v8.h:198:7: note: candidate constructor (the implicit move constructor) not viable: no known conversion from 'v8::PropertyAttribute' to 'v8::Local<v8::Value> &&' for 1st argument
  /Users/mark/.node-gyp/9.8.0/include/node/v8.h:202:13: note: candidate template ignored: could not match 'Local<type-parameter-0-0>' against 'v8::PropertyAttribute'
    V8_INLINE Local(Local<S> that)
              ^
  /Users/mark/.node-gyp/9.8.0/include/node/v8.h:3166:51: note: passing argument to parameter 'value' here
                                       Local<Value> value,
                                                    ^
  ../src/ffi.cc:124:11: warning: 'ForceSet' is deprecated [-Wdeprecated-declarations]
    target->ForceSet(Nan::New<String>("FFI_SARG_SIZE").ToLocalChecked(), Nan::New<Uint32>((uint32_t)sizeof(ffi_sarg)), static_cast<PropertyAttribute>(ReadOnly | DontDelete));
            ^
  /Users/mark/.node-gyp/9.8.0/include/node/v8.h:3164:3: note: 'ForceSet' has been explicitly marked deprecated here
    V8_DEPRECATED("Use CreateDataProperty / DefineOwnProperty",
    ^
  /Users/mark/.node-gyp/9.8.0/include/node/v8config.h:321:29: note: expanded from macro 'V8_DEPRECATED'
    declarator __attribute__((deprecated))
                              ^
  ../src/ffi.cc:124:118: error: no viable conversion from 'v8::PropertyAttribute' to 'Local<v8::Value>'
    target->ForceSet(Nan::New<String>("FFI_SARG_SIZE").ToLocalChecked(), Nan::New<Uint32>((uint32_t)sizeof(ffi_sarg)), static_cast<PropertyAttribute>(ReadOnly | DontDelete));
                                                                                                                       ^~~~~~~~~~~~~~~~~~~~~~~~~~~~~~~~~~~~~~~~~~~~~~~~~~~~~
  /Users/mark/.node-gyp/9.8.0/include/node/v8.h:198:7: note: candidate constructor (the implicit copy constructor) not viable: no known conversion from 'v8::PropertyAttribute' to 'const v8::Local<v8::Value> &' for 1st argument
  class Local {
        ^
  /Users/mark/.node-gyp/9.8.0/include/node/v8.h:198:7: note: candidate constructor (the implicit move constructor) not viable: no known conversion from 'v8::PropertyAttribute' to 'v8::Local<v8::Value> &&' for 1st argument
  /Users/mark/.node-gyp/9.8.0/include/node/v8.h:202:13: note: candidate template ignored: could not match 'Local<type-parameter-0-0>' against 'v8::PropertyAttribute'
    V8_INLINE Local(Local<S> that)
              ^
  /Users/mark/.node-gyp/9.8.0/include/node/v8.h:3166:51: note: passing argument to parameter 'value' here
                                       Local<Value> value,
                                                    ^
  ../src/ffi.cc:125:11: warning: 'ForceSet' is deprecated [-Wdeprecated-declarations]
    target->ForceSet(Nan::New<String>("FFI_TYPE_SIZE").ToLocalChecked(), Nan::New<Uint32>((uint32_t)sizeof(ffi_type)), static_cast<PropertyAttribute>(ReadOnly | DontDelete));
            ^
  /Users/mark/.node-gyp/9.8.0/include/node/v8.h:3164:3: note: 'ForceSet' has been explicitly marked deprecated here
    V8_DEPRECATED("Use CreateDataProperty / DefineOwnProperty",
    ^
  /Users/mark/.node-gyp/9.8.0/include/node/v8config.h:321:29: note: expanded from macro 'V8_DEPRECATED'
    declarator __attribute__((deprecated))
                              ^
  ../src/ffi.cc:125:118: error: no viable conversion from 'v8::PropertyAttribute' to 'Local<v8::Value>'
    target->ForceSet(Nan::New<String>("FFI_TYPE_SIZE").ToLocalChecked(), Nan::New<Uint32>((uint32_t)sizeof(ffi_type)), static_cast<PropertyAttribute>(ReadOnly | DontDelete));
                                                                                                                       ^~~~~~~~~~~~~~~~~~~~~~~~~~~~~~~~~~~~~~~~~~~~~~~~~~~~~
  /Users/mark/.node-gyp/9.8.0/include/node/v8.h:198:7: note: candidate constructor (the implicit copy constructor) not viable: no known conversion from 'v8::PropertyAttribute' to 'const v8::Local<v8::Value> &' for 1st argument
  class Local {
        ^
  /Users/mark/.node-gyp/9.8.0/include/node/v8.h:198:7: note: candidate constructor (the implicit move constructor) not viable: no known conversion from 'v8::PropertyAttribute' to 'v8::Local<v8::Value> &&' for 1st argument
  /Users/mark/.node-gyp/9.8.0/include/node/v8.h:202:13: note: candidate template ignored: could not match 'Local<type-parameter-0-0>' against 'v8::PropertyAttribute'
    V8_INLINE Local(Local<S> that)
              ^
  /Users/mark/.node-gyp/9.8.0/include/node/v8.h:3166:51: note: passing argument to parameter 'value' here
                                       Local<Value> value,
                                                    ^
  ../src/ffi.cc:126:11: warning: 'ForceSet' is deprecated [-Wdeprecated-declarations]
    target->ForceSet(Nan::New<String>("FFI_CIF_SIZE").ToLocalChecked(), Nan::New<Uint32>((uint32_t)sizeof(ffi_cif)), static_cast<PropertyAttribute>(ReadOnly | DontDelete));
            ^
  /Users/mark/.node-gyp/9.8.0/include/node/v8.h:3164:3: note: 'ForceSet' has been explicitly marked deprecated here
    V8_DEPRECATED("Use CreateDataProperty / DefineOwnProperty",
    ^
  /Users/mark/.node-gyp/9.8.0/include/node/v8config.h:321:29: note: expanded from macro 'V8_DEPRECATED'
    declarator __attribute__((deprecated))
                              ^
  ../src/ffi.cc:126:116: error: no viable conversion from 'v8::PropertyAttribute' to 'Local<v8::Value>'
    target->ForceSet(Nan::New<String>("FFI_CIF_SIZE").ToLocalChecked(), Nan::New<Uint32>((uint32_t)sizeof(ffi_cif)), static_cast<PropertyAttribute>(ReadOnly | DontDelete));
                                                                                                                     ^~~~~~~~~~~~~~~~~~~~~~~~~~~~~~~~~~~~~~~~~~~~~~~~~~~~~
  /Users/mark/.node-gyp/9.8.0/include/node/v8.h:198:7: note: candidate constructor (the implicit copy constructor) not viable: no known conversion from 'v8::PropertyAttribute' to 'const v8::Local<v8::Value> &' for 1st argument
  class Local {
        ^
  /Users/mark/.node-gyp/9.8.0/include/node/v8.h:198:7: note: candidate constructor (the implicit move constructor) not viable: no known conversion from 'v8::PropertyAttribute' to 'v8::Local<v8::Value> &&' for 1st argument
  /Users/mark/.node-gyp/9.8.0/include/node/v8.h:202:13: note: candidate template ignored: could not match 'Local<type-parameter-0-0>' against 'v8::PropertyAttribute'
    V8_INLINE Local(Local<S> that)
              ^
  /Users/mark/.node-gyp/9.8.0/include/node/v8.h:3166:51: note: passing argument to parameter 'value' here
                                       Local<Value> value,
                                                    ^
  ../src/ffi.cc:132:11: warning: 'ForceSet' is deprecated [-Wdeprecated-declarations]
    target->ForceSet(Nan::New<String>("HAS_OBJC").ToLocalChecked(), Nan::New<Boolean>(hasObjc), static_cast<PropertyAttribute>(ReadOnly | DontDelete));
            ^
  /Users/mark/.node-gyp/9.8.0/include/node/v8.h:3164:3: note: 'ForceSet' has been explicitly marked deprecated here
    V8_DEPRECATED("Use CreateDataProperty / DefineOwnProperty",
    ^
  /Users/mark/.node-gyp/9.8.0/include/node/v8config.h:321:29: note: expanded from macro 'V8_DEPRECATED'
    declarator __attribute__((deprecated))
                              ^
  ../src/ffi.cc:132:95: error: no viable conversion from 'v8::PropertyAttribute' to 'Local<v8::Value>'
    target->ForceSet(Nan::New<String>("HAS_OBJC").ToLocalChecked(), Nan::New<Boolean>(hasObjc), static_cast<PropertyAttribute>(ReadOnly | DontDelete));
                                                                                                ^~~~~~~~~~~~~~~~~~~~~~~~~~~~~~~~~~~~~~~~~~~~~~~~~~~~~
  /Users/mark/.node-gyp/9.8.0/include/node/v8.h:198:7: note: candidate constructor (the implicit copy constructor) not viable: no known conversion from 'v8::PropertyAttribute' to 'const v8::Local<v8::Value> &' for 1st argument
  class Local {
        ^
  /Users/mark/.node-gyp/9.8.0/include/node/v8.h:198:7: note: candidate constructor (the implicit move constructor) not viable: no known conversion from 'v8::PropertyAttribute' to 'v8::Local<v8::Value> &&' for 1st argument
  /Users/mark/.node-gyp/9.8.0/include/node/v8.h:202:13: note: candidate template ignored: could not match 'Local<type-parameter-0-0>' against 'v8::PropertyAttribute'
    V8_INLINE Local(Local<S> that)
              ^
  /Users/mark/.node-gyp/9.8.0/include/node/v8.h:3166:51: note: passing argument to parameter 'value' here
                                       Local<Value> value,
                                                    ^
  ../src/ffi.cc:367:16: warning: 'Call' is deprecated [-Wdeprecated-declarations]
    p->callback->Call(1, argv);
                 ^
  ../../nan/nan.h:1617:3: note: 'Call' has been explicitly marked deprecated here
    NAN_DEPRECATED inline v8::Local<v8::Value>
    ^
  ../../nan/nan.h:98:40: note: expanded from macro 'NAN_DEPRECATED'
  # define NAN_DEPRECATED __attribute__((deprecated))
                                         ^
  In file included from ../src/ffi.cc:1:
  In file included from /Users/mark/.node-gyp/9.8.0/include/node/node.h:63:
  /Users/mark/.node-gyp/9.8.0/include/node/v8.h:209:5: error: assigning to 'v8::Context *' from incompatible type 'v8::String *'
      TYPE_CHECK(T, S);
      ^~~~~~~~~~~~~~~~
  /Users/mark/.node-gyp/9.8.0/include/node/v8.h:163:39: note: expanded from macro 'TYPE_CHECK'
      *(static_cast<T* volatile*>(0)) = static_cast<S*>(0);      \
                                        ^~~~~~~~~~~~~~~~~~
  ../src/ffi.cc:111:20: note: in instantiation of function template specialization 'v8::Local<v8::Context>::Local<v8::String>' requested here
    target->ForceSet(Nan::New<String>("RTLD_NEXT").ToLocalChecked(), WrapPointer((char *)RTLD_NEXT), static_cast<PropertyAttribute>(ReadOnly | DontDelete));
                     ^
  25 warnings and 10 errors generated.
  make: *** [Release/obj.target/ffi_bindings/src/ffi.o] Error 1
  gyp ERR! build error 
  gyp ERR! stack Error: `make` failed with exit code: 2
  gyp ERR! stack     at ChildProcess.onExit (/usr/local/Cellar/node/9.8.0/libexec/lib/node_modules/npm/node_modules/node-gyp/lib/build.js:258:23)
  gyp ERR! stack     at ChildProcess.emit (events.js:180:13)
  gyp ERR! stack     at Process.ChildProcess._handle.onexit (internal/child_process.js:209:12)
  gyp ERR! System Darwin 17.2.0
  gyp ERR! command "/usr/local/Cellar/node/9.8.0/bin/node" "/usr/local/Cellar/node/9.8.0/libexec/lib/node_modules/npm/node_modules/node-gyp/bin/node-gyp.js" "rebuild"
  gyp ERR! cwd /Users/mark/personal-projects/vlc-auto-delete/node_modules/ffi
  gyp ERR! node -v v9.8.0
  gyp ERR! node-gyp -v v3.6.2
  gyp ERR! not ok
      at ProcessTermError.MessageError (/usr/local/lib/node_modules/yarn/lib/cli.js:186:110)
      at new ProcessTermError (/usr/local/lib/node_modules/yarn/lib/cli.js:226:113)
      at ChildProcess.<anonymous> (/usr/local/lib/node_modules/yarn/lib/cli.js:30281:17)
      at ChildProcess.emit (events.js:180:13)
      at maybeClose (internal/child_process.js:936:16)
      at Process.ChildProcess._handle.onexit (internal/child_process.js:220:5)
